2023/05/06-10:32:11 [main] INFO  com.evan.study_spb2.DepartmentMapperTestor- Starting DepartmentMapperTestor using Java 1.8.0_362 on EVANZHA-MB0 with PID 22349 (started by sanyejiantai in /Users/sanyejiantai/Desktop/study/study_spb2)
2023/05/06-10:32:11 [main] DEBUG com.evan.study_spb2.DepartmentMapperTestor- Running with Spring Boot v2.4.1, Spring v5.3.2
2023/05/06-10:32:11 [main] INFO  com.evan.study_spb2.DepartmentMapperTestor- No active profile set, falling back to default profiles: default
2023/05/06-10:32:12 [main] INFO  org.springframework.scheduling.concurrent.ThreadPoolTaskExecutor- Initializing ExecutorService 'applicationTaskExecutor'
2023/05/06-10:32:13 [main] INFO  com.evan.study_spb2.DepartmentMapperTestor- Started DepartmentMapperTestor in 1.341 seconds (JVM running for 1.935)
2023/05/06-10:32:13 [main] INFO  com.zaxxer.hikari.HikariDataSource- HikariPool-1 - Starting...
2023/05/06-10:32:13 [main] INFO  com.zaxxer.hikari.HikariDataSource- HikariPool-1 - Start completed.
2023/05/06-10:32:13 [main] DEBUG com.evan.study_spb2.mapper.DepartmentMapper.selectAll- ==>  Preparing: select * from dept order by dname;
2023/05/06-10:32:13 [main] DEBUG com.evan.study_spb2.mapper.DepartmentMapper.selectAll- ==> Parameters: 
2023/05/06-10:32:13 [main] DEBUG com.evan.study_spb2.mapper.DepartmentMapper.selectAll- <==      Total: 4
2023/05/06-10:32:13 [SpringContextShutdownHook] INFO  com.zaxxer.hikari.HikariDataSource- HikariPool-1 - Shutdown initiated...
2023/05/06-10:32:13 [SpringContextShutdownHook] INFO  com.zaxxer.hikari.HikariDataSource- HikariPool-1 - Shutdown completed.
2023/05/06-10:32:13 [SpringContextShutdownHook] INFO  org.springframework.scheduling.concurrent.ThreadPoolTaskExecutor- Shutting down ExecutorService 'applicationTaskExecutor'
2023/05/06-10:32:47 [main] INFO  com.evan.study_spb2.DepartmentMapperTestor- Starting DepartmentMapperTestor using Java 1.8.0_362 on EVANZHA-MB0 with PID 22671 (started by sanyejiantai in /Users/sanyejiantai/Desktop/study/study_spb2)
2023/05/06-10:32:47 [main] DEBUG com.evan.study_spb2.DepartmentMapperTestor- Running with Spring Boot v2.4.1, Spring v5.3.2
2023/05/06-10:32:47 [main] INFO  com.evan.study_spb2.DepartmentMapperTestor- No active profile set, falling back to default profiles: default
2023/05/06-10:32:47 [main] INFO  org.springframework.scheduling.concurrent.ThreadPoolTaskExecutor- Initializing ExecutorService 'applicationTaskExecutor'
2023/05/06-10:32:48 [main] INFO  com.evan.study_spb2.DepartmentMapperTestor- Started DepartmentMapperTestor in 1.303 seconds (JVM running for 1.84)
2023/05/06-10:32:48 [main] INFO  com.zaxxer.hikari.HikariDataSource- HikariPool-1 - Starting...
2023/05/06-10:32:48 [main] INFO  com.zaxxer.hikari.HikariDataSource- HikariPool-1 - Start completed.
2023/05/06-10:32:48 [main] DEBUG com.evan.study_spb2.mapper.DepartmentMapper.selectAll- ==>  Preparing: select * from dept order by dname;
2023/05/06-10:32:48 [main] DEBUG com.evan.study_spb2.mapper.DepartmentMapper.selectAll- ==> Parameters: 
2023/05/06-10:32:48 [main] DEBUG com.evan.study_spb2.mapper.DepartmentMapper.selectAll- <==      Total: 4
2023/05/06-10:32:48 [SpringContextShutdownHook] INFO  com.zaxxer.hikari.HikariDataSource- HikariPool-1 - Shutdown initiated...
2023/05/06-10:32:48 [SpringContextShutdownHook] INFO  com.zaxxer.hikari.HikariDataSource- HikariPool-1 - Shutdown completed.
2023/05/06-10:32:48 [SpringContextShutdownHook] INFO  org.springframework.scheduling.concurrent.ThreadPoolTaskExecutor- Shutting down ExecutorService 'applicationTaskExecutor'
2023/05/06-10:39:12 [main] INFO  com.evan.study_spb2.StudySpb2Application- Starting StudySpb2Application using Java 1.8.0_362 on EVANZHA-MB0 with PID 25461 (/Users/sanyejiantai/Desktop/study/study_spb2/target/classes started by sanyejiantai in /Users/sanyejiantai/Desktop/study/study_spb2)
2023/05/06-10:39:12 [main] DEBUG com.evan.study_spb2.StudySpb2Application- Running with Spring Boot v2.4.1, Spring v5.3.2
2023/05/06-10:39:12 [main] INFO  com.evan.study_spb2.StudySpb2Application- No active profile set, falling back to default profiles: default
2023/05/06-10:39:13 [main] INFO  org.springframework.boot.web.embedded.tomcat.TomcatWebServer- Tomcat initialized with port(s): 8080 (http)
2023/05/06-10:39:13 [main] INFO  org.apache.catalina.core.StandardService- Starting service [Tomcat]
2023/05/06-10:39:13 [main] INFO  org.apache.catalina.core.StandardEngine- Starting Servlet engine: [Apache Tomcat/9.0.41]
2023/05/06-10:39:13 [main] INFO  org.apache.catalina.core.ContainerBase.[Tomcat].[localhost].[/]- Initializing Spring embedded WebApplicationContext
2023/05/06-10:39:13 [main] INFO  org.springframework.boot.web.servlet.context.ServletWebServerApplicationContext- Root WebApplicationContext: initialization completed in 491 ms
2023/05/06-10:39:13 [main] INFO  org.springframework.scheduling.concurrent.ThreadPoolTaskExecutor- Initializing ExecutorService 'applicationTaskExecutor'
2023/05/06-10:39:13 [main] INFO  org.springframework.boot.web.embedded.tomcat.TomcatWebServer- Tomcat started on port(s): 8080 (http) with context path ''
2023/05/06-10:39:13 [main] INFO  com.evan.study_spb2.StudySpb2Application- Started StudySpb2Application in 1.043 seconds (JVM running for 1.338)
2023/05/06-10:39:38 [http-nio-8080-exec-1] INFO  org.apache.catalina.core.ContainerBase.[Tomcat].[localhost].[/]- Initializing Spring DispatcherServlet 'dispatcherServlet'
2023/05/06-10:39:38 [http-nio-8080-exec-1] INFO  org.springframework.web.servlet.DispatcherServlet- Initializing Servlet 'dispatcherServlet'
2023/05/06-10:39:38 [http-nio-8080-exec-1] INFO  org.springframework.web.servlet.DispatcherServlet- Completed initialization in 0 ms
2023/05/06-10:40:18 [http-nio-8080-exec-7] INFO  com.zaxxer.hikari.HikariDataSource- HikariPool-1 - Starting...
2023/05/06-10:40:18 [http-nio-8080-exec-7] INFO  com.zaxxer.hikari.HikariDataSource- HikariPool-1 - Start completed.
2023/05/06-10:40:18 [http-nio-8080-exec-7] DEBUG com.evan.study_spb2.mapper.DepartmentMapper.insert- ==>  Preparing: insert into dept values (?,?,?);
2023/05/06-10:40:18 [http-nio-8080-exec-7] DEBUG com.evan.study_spb2.mapper.DepartmentMapper.insert- ==> Parameters: 172606(Integer), 测试部门0(String), BJ(String)
2023/05/06-10:40:18 [http-nio-8080-exec-7] DEBUG com.evan.study_spb2.mapper.DepartmentMapper.insert- <==    Updates: 1
2023/05/06-10:40:18 [http-nio-8080-exec-7] DEBUG com.evan.study_spb2.mapper.DepartmentMapper.insert- ==>  Preparing: insert into dept values (?,?,?);
2023/05/06-10:40:18 [http-nio-8080-exec-7] DEBUG com.evan.study_spb2.mapper.DepartmentMapper.insert- ==> Parameters: 877582(Integer), 测试部门1(String), BJ(String)
2023/05/06-10:40:18 [http-nio-8080-exec-7] DEBUG com.evan.study_spb2.mapper.DepartmentMapper.insert- <==    Updates: 1
2023/05/06-10:40:18 [http-nio-8080-exec-7] DEBUG com.evan.study_spb2.mapper.DepartmentMapper.insert- ==>  Preparing: insert into dept values (?,?,?);
2023/05/06-10:40:18 [http-nio-8080-exec-7] DEBUG com.evan.study_spb2.mapper.DepartmentMapper.insert- ==> Parameters: 276073(Integer), 测试部门2(String), BJ(String)
2023/05/06-10:40:18 [http-nio-8080-exec-7] DEBUG com.evan.study_spb2.mapper.DepartmentMapper.insert- <==    Updates: 1
2023/05/06-10:40:18 [http-nio-8080-exec-7] DEBUG com.evan.study_spb2.mapper.DepartmentMapper.insert- ==>  Preparing: insert into dept values (?,?,?);
2023/05/06-10:40:18 [http-nio-8080-exec-7] DEBUG com.evan.study_spb2.mapper.DepartmentMapper.insert- ==> Parameters: 597086(Integer), 测试部门3(String), BJ(String)
2023/05/06-10:40:18 [http-nio-8080-exec-7] DEBUG com.evan.study_spb2.mapper.DepartmentMapper.insert- <==    Updates: 1
2023/05/06-10:42:59 [SpringContextShutdownHook] INFO  org.springframework.scheduling.concurrent.ThreadPoolTaskExecutor- Shutting down ExecutorService 'applicationTaskExecutor'
2023/05/06-10:42:59 [SpringContextShutdownHook] INFO  com.zaxxer.hikari.HikariDataSource- HikariPool-1 - Shutdown initiated...
2023/05/06-10:42:59 [SpringContextShutdownHook] INFO  com.zaxxer.hikari.HikariDataSource- HikariPool-1 - Shutdown completed.
2023/05/06-10:43:01 [main] INFO  com.evan.study_spb2.StudySpb2Application- Starting StudySpb2Application using Java 1.8.0_362 on EVANZHA-MB0 with PID 26965 (/Users/sanyejiantai/Desktop/study/study_spb2/target/classes started by sanyejiantai in /Users/sanyejiantai/Desktop/study/study_spb2)
2023/05/06-10:43:01 [main] DEBUG com.evan.study_spb2.StudySpb2Application- Running with Spring Boot v2.4.1, Spring v5.3.2
2023/05/06-10:43:01 [main] INFO  com.evan.study_spb2.StudySpb2Application- No active profile set, falling back to default profiles: default
2023/05/06-10:43:01 [main] INFO  org.springframework.boot.web.embedded.tomcat.TomcatWebServer- Tomcat initialized with port(s): 8080 (http)
2023/05/06-10:43:01 [main] INFO  org.apache.catalina.core.StandardService- Starting service [Tomcat]
2023/05/06-10:43:01 [main] INFO  org.apache.catalina.core.StandardEngine- Starting Servlet engine: [Apache Tomcat/9.0.41]
2023/05/06-10:43:01 [main] INFO  org.apache.catalina.core.ContainerBase.[Tomcat].[localhost].[/]- Initializing Spring embedded WebApplicationContext
2023/05/06-10:43:01 [main] INFO  org.springframework.boot.web.servlet.context.ServletWebServerApplicationContext- Root WebApplicationContext: initialization completed in 443 ms
2023/05/06-10:43:02 [main] INFO  org.springframework.scheduling.concurrent.ThreadPoolTaskExecutor- Initializing ExecutorService 'applicationTaskExecutor'
2023/05/06-10:43:02 [main] INFO  org.springframework.boot.web.embedded.tomcat.TomcatWebServer- Tomcat started on port(s): 8080 (http) with context path ''
2023/05/06-10:43:02 [main] INFO  com.evan.study_spb2.StudySpb2Application- Started StudySpb2Application in 1.022 seconds (JVM running for 1.259)
2023/05/06-10:43:27 [http-nio-8080-exec-1] INFO  org.apache.catalina.core.ContainerBase.[Tomcat].[localhost].[/]- Initializing Spring DispatcherServlet 'dispatcherServlet'
2023/05/06-10:43:27 [http-nio-8080-exec-1] INFO  org.springframework.web.servlet.DispatcherServlet- Initializing Servlet 'dispatcherServlet'
2023/05/06-10:43:27 [http-nio-8080-exec-1] INFO  org.springframework.web.servlet.DispatcherServlet- Completed initialization in 1 ms
2023/05/06-10:43:27 [http-nio-8080-exec-1] INFO  com.zaxxer.hikari.HikariDataSource- HikariPool-1 - Starting...
2023/05/06-10:43:27 [http-nio-8080-exec-1] INFO  com.zaxxer.hikari.HikariDataSource- HikariPool-1 - Start completed.
2023/05/06-10:43:27 [http-nio-8080-exec-1] DEBUG com.evan.study_spb2.mapper.DepartmentMapper.insert- ==>  Preparing: insert into dept values (?,?,?);
2023/05/06-10:43:27 [http-nio-8080-exec-1] DEBUG com.evan.study_spb2.mapper.DepartmentMapper.insert- ==> Parameters: 917519(Integer), 测试部门0(String), BJ(String)
2023/05/06-10:43:27 [http-nio-8080-exec-1] DEBUG com.evan.study_spb2.mapper.DepartmentMapper.insert- <==    Updates: 1
2023/05/06-10:43:27 [http-nio-8080-exec-1] DEBUG com.evan.study_spb2.mapper.DepartmentMapper.insert- ==>  Preparing: insert into dept values (?,?,?);
2023/05/06-10:43:27 [http-nio-8080-exec-1] DEBUG com.evan.study_spb2.mapper.DepartmentMapper.insert- ==> Parameters: 247902(Integer), 测试部门1(String), BJ(String)
2023/05/06-10:43:27 [http-nio-8080-exec-1] DEBUG com.evan.study_spb2.mapper.DepartmentMapper.insert- <==    Updates: 1
2023/05/06-10:43:27 [http-nio-8080-exec-1] ERROR com.evan.study_spb2.handler.ControllerExceptionHandler- 捕获到web应用抛出异常
java.lang.RuntimeException: 我故意的
	at com.evan.study_spb2.service.DepartmentService.imp(DepartmentService.java:21)
	at com.evan.study_spb2.service.DepartmentService$$FastClassBySpringCGLIB$$45cd8c2.invoke(<generated>)
	at org.springframework.cglib.proxy.MethodProxy.invoke(MethodProxy.java:218)
	at org.springframework.aop.framework.CglibAopProxy$CglibMethodInvocation.invokeJoinpoint(CglibAopProxy.java:771)
	at org.springframework.aop.framework.ReflectiveMethodInvocation.proceed(ReflectiveMethodInvocation.java:163)
	at org.springframework.aop.framework.CglibAopProxy$CglibMethodInvocation.proceed(CglibAopProxy.java:749)
	at org.springframework.transaction.interceptor.TransactionInterceptor$1.proceedWithInvocation(TransactionInterceptor.java:123)
	at org.springframework.transaction.interceptor.TransactionAspectSupport.invokeWithinTransaction(TransactionAspectSupport.java:388)
	at org.springframework.transaction.interceptor.TransactionInterceptor.invoke(TransactionInterceptor.java:119)
	at org.springframework.aop.framework.ReflectiveMethodInvocation.proceed(ReflectiveMethodInvocation.java:186)
	at org.springframework.aop.framework.CglibAopProxy$CglibMethodInvocation.proceed(CglibAopProxy.java:749)
	at org.springframework.aop.framework.CglibAopProxy$DynamicAdvisedInterceptor.intercept(CglibAopProxy.java:691)
	at com.evan.study_spb2.service.DepartmentService$$EnhancerBySpringCGLIB$$5c0e83e3.imp(<generated>)
	at com.evan.study_spb2.controller.DepartmentController.testImp(DepartmentController.java:18)
	at sun.reflect.NativeMethodAccessorImpl.invoke0(Native Method)
	at sun.reflect.NativeMethodAccessorImpl.invoke(NativeMethodAccessorImpl.java:62)
	at sun.reflect.DelegatingMethodAccessorImpl.invoke(DelegatingMethodAccessorImpl.java:43)
	at java.lang.reflect.Method.invoke(Method.java:498)
	at org.springframework.web.method.support.InvocableHandlerMethod.doInvoke(InvocableHandlerMethod.java:197)
	at org.springframework.web.method.support.InvocableHandlerMethod.invokeForRequest(InvocableHandlerMethod.java:141)
	at org.springframework.web.servlet.mvc.method.annotation.ServletInvocableHandlerMethod.invokeAndHandle(ServletInvocableHandlerMethod.java:106)
	at org.springframework.web.servlet.mvc.method.annotation.RequestMappingHandlerAdapter.invokeHandlerMethod(RequestMappingHandlerAdapter.java:894)
	at org.springframework.web.servlet.mvc.method.annotation.RequestMappingHandlerAdapter.handleInternal(RequestMappingHandlerAdapter.java:808)
	at org.springframework.web.servlet.mvc.method.AbstractHandlerMethodAdapter.handle(AbstractHandlerMethodAdapter.java:87)
	at org.springframework.web.servlet.DispatcherServlet.doDispatch(DispatcherServlet.java:1061)
	at org.springframework.web.servlet.DispatcherServlet.doService(DispatcherServlet.java:961)
	at org.springframework.web.servlet.FrameworkServlet.processRequest(FrameworkServlet.java:1006)
	at org.springframework.web.servlet.FrameworkServlet.doGet(FrameworkServlet.java:898)
	at javax.servlet.http.HttpServlet.service(HttpServlet.java:626)
	at org.springframework.web.servlet.FrameworkServlet.service(FrameworkServlet.java:883)
	at javax.servlet.http.HttpServlet.service(HttpServlet.java:733)
	at org.apache.catalina.core.ApplicationFilterChain.internalDoFilter(ApplicationFilterChain.java:231)
	at org.apache.catalina.core.ApplicationFilterChain.doFilter(ApplicationFilterChain.java:166)
	at org.apache.tomcat.websocket.server.WsFilter.doFilter(WsFilter.java:53)
	at org.apache.catalina.core.ApplicationFilterChain.internalDoFilter(ApplicationFilterChain.java:193)
	at org.apache.catalina.core.ApplicationFilterChain.doFilter(ApplicationFilterChain.java:166)
	at org.springframework.web.filter.RequestContextFilter.doFilterInternal(RequestContextFilter.java:100)
	at org.springframework.web.filter.OncePerRequestFilter.doFilter(OncePerRequestFilter.java:119)
	at org.apache.catalina.core.ApplicationFilterChain.internalDoFilter(ApplicationFilterChain.java:193)
	at org.apache.catalina.core.ApplicationFilterChain.doFilter(ApplicationFilterChain.java:166)
	at org.springframework.web.filter.FormContentFilter.doFilterInternal(FormContentFilter.java:93)
	at org.springframework.web.filter.OncePerRequestFilter.doFilter(OncePerRequestFilter.java:119)
	at org.apache.catalina.core.ApplicationFilterChain.internalDoFilter(ApplicationFilterChain.java:193)
	at org.apache.catalina.core.ApplicationFilterChain.doFilter(ApplicationFilterChain.java:166)
	at org.springframework.web.filter.CharacterEncodingFilter.doFilterInternal(CharacterEncodingFilter.java:201)
	at org.springframework.web.filter.OncePerRequestFilter.doFilter(OncePerRequestFilter.java:119)
	at org.apache.catalina.core.ApplicationFilterChain.internalDoFilter(ApplicationFilterChain.java:193)
	at org.apache.catalina.core.ApplicationFilterChain.doFilter(ApplicationFilterChain.java:166)
	at org.apache.catalina.core.StandardWrapperValve.invoke(StandardWrapperValve.java:202)
	at org.apache.catalina.core.StandardContextValve.invoke(StandardContextValve.java:97)
	at org.apache.catalina.authenticator.AuthenticatorBase.invoke(AuthenticatorBase.java:542)
	at org.apache.catalina.core.StandardHostValve.invoke(StandardHostValve.java:143)
	at org.apache.catalina.valves.ErrorReportValve.invoke(ErrorReportValve.java:92)
	at org.apache.catalina.core.StandardEngineValve.invoke(StandardEngineValve.java:78)
	at org.apache.catalina.connector.CoyoteAdapter.service(CoyoteAdapter.java:343)
	at org.apache.coyote.http11.Http11Processor.service(Http11Processor.java:374)
	at org.apache.coyote.AbstractProcessorLight.process(AbstractProcessorLight.java:65)
	at org.apache.coyote.AbstractProtocol$ConnectionHandler.process(AbstractProtocol.java:888)
	at org.apache.tomcat.util.net.NioEndpoint$SocketProcessor.doRun(NioEndpoint.java:1597)
	at org.apache.tomcat.util.net.SocketProcessorBase.run(SocketProcessorBase.java:49)
	at java.util.concurrent.ThreadPoolExecutor.runWorker(ThreadPoolExecutor.java:1149)
	at java.util.concurrent.ThreadPoolExecutor$Worker.run(ThreadPoolExecutor.java:624)
	at org.apache.tomcat.util.threads.TaskThread$WrappingRunnable.run(TaskThread.java:61)
	at java.lang.Thread.run(Thread.java:750)
2023/05/06-10:43:54 [SpringContextShutdownHook] INFO  org.springframework.scheduling.concurrent.ThreadPoolTaskExecutor- Shutting down ExecutorService 'applicationTaskExecutor'
2023/05/06-10:43:54 [SpringContextShutdownHook] INFO  com.zaxxer.hikari.HikariDataSource- HikariPool-1 - Shutdown initiated...
2023/05/06-10:43:54 [SpringContextShutdownHook] INFO  com.zaxxer.hikari.HikariDataSource- HikariPool-1 - Shutdown completed.
2023/05/06-10:43:56 [main] INFO  com.evan.study_spb2.StudySpb2Application- Starting StudySpb2Application using Java 1.8.0_362 on EVANZHA-MB0 with PID 27338 (/Users/sanyejiantai/Desktop/study/study_spb2/target/classes started by sanyejiantai in /Users/sanyejiantai/Desktop/study/study_spb2)
2023/05/06-10:43:56 [main] DEBUG com.evan.study_spb2.StudySpb2Application- Running with Spring Boot v2.4.1, Spring v5.3.2
2023/05/06-10:43:56 [main] INFO  com.evan.study_spb2.StudySpb2Application- No active profile set, falling back to default profiles: default
2023/05/06-10:43:57 [main] INFO  org.springframework.boot.web.embedded.tomcat.TomcatWebServer- Tomcat initialized with port(s): 8080 (http)
2023/05/06-10:43:57 [main] INFO  org.apache.catalina.core.StandardService- Starting service [Tomcat]
2023/05/06-10:43:57 [main] INFO  org.apache.catalina.core.StandardEngine- Starting Servlet engine: [Apache Tomcat/9.0.41]
2023/05/06-10:43:57 [main] INFO  org.apache.catalina.core.ContainerBase.[Tomcat].[localhost].[/]- Initializing Spring embedded WebApplicationContext
2023/05/06-10:43:57 [main] INFO  org.springframework.boot.web.servlet.context.ServletWebServerApplicationContext- Root WebApplicationContext: initialization completed in 478 ms
2023/05/06-10:43:57 [main] INFO  org.springframework.scheduling.concurrent.ThreadPoolTaskExecutor- Initializing ExecutorService 'applicationTaskExecutor'
2023/05/06-10:43:57 [main] INFO  org.springframework.boot.web.embedded.tomcat.TomcatWebServer- Tomcat started on port(s): 8080 (http) with context path ''
2023/05/06-10:43:57 [main] INFO  com.evan.study_spb2.StudySpb2Application- Started StudySpb2Application in 1.042 seconds (JVM running for 1.28)
2023/05/06-10:44:05 [http-nio-8080-exec-1] INFO  org.apache.catalina.core.ContainerBase.[Tomcat].[localhost].[/]- Initializing Spring DispatcherServlet 'dispatcherServlet'
2023/05/06-10:44:05 [http-nio-8080-exec-1] INFO  org.springframework.web.servlet.DispatcherServlet- Initializing Servlet 'dispatcherServlet'
2023/05/06-10:44:05 [http-nio-8080-exec-1] INFO  org.springframework.web.servlet.DispatcherServlet- Completed initialization in 1 ms
2023/05/06-10:44:05 [http-nio-8080-exec-1] INFO  com.zaxxer.hikari.HikariDataSource- HikariPool-1 - Starting...
2023/05/06-10:44:06 [http-nio-8080-exec-1] INFO  com.zaxxer.hikari.HikariDataSource- HikariPool-1 - Start completed.
2023/05/06-10:44:06 [http-nio-8080-exec-1] DEBUG com.evan.study_spb2.mapper.DepartmentMapper.insert- ==>  Preparing: insert into dept values (?,?,?);
2023/05/06-10:44:06 [http-nio-8080-exec-1] DEBUG com.evan.study_spb2.mapper.DepartmentMapper.insert- ==> Parameters: 848720(Integer), 测试部门0(String), BJ(String)
2023/05/06-10:44:06 [http-nio-8080-exec-1] DEBUG com.evan.study_spb2.mapper.DepartmentMapper.insert- <==    Updates: 1
2023/05/06-10:44:06 [http-nio-8080-exec-1] DEBUG com.evan.study_spb2.mapper.DepartmentMapper.insert- ==>  Preparing: insert into dept values (?,?,?);
2023/05/06-10:44:06 [http-nio-8080-exec-1] DEBUG com.evan.study_spb2.mapper.DepartmentMapper.insert- ==> Parameters: 737102(Integer), 测试部门1(String), BJ(String)
2023/05/06-10:44:06 [http-nio-8080-exec-1] DEBUG com.evan.study_spb2.mapper.DepartmentMapper.insert- <==    Updates: 1
2023/05/06-10:44:06 [http-nio-8080-exec-1] DEBUG com.evan.study_spb2.mapper.DepartmentMapper.insert- ==>  Preparing: insert into dept values (?,?,?);
2023/05/06-10:44:06 [http-nio-8080-exec-1] DEBUG com.evan.study_spb2.mapper.DepartmentMapper.insert- ==> Parameters: 518433(Integer), 测试部门2(String), BJ(String)
2023/05/06-10:44:06 [http-nio-8080-exec-1] DEBUG com.evan.study_spb2.mapper.DepartmentMapper.insert- <==    Updates: 1
2023/05/06-10:44:06 [http-nio-8080-exec-1] DEBUG com.evan.study_spb2.mapper.DepartmentMapper.insert- ==>  Preparing: insert into dept values (?,?,?);
2023/05/06-10:44:06 [http-nio-8080-exec-1] DEBUG com.evan.study_spb2.mapper.DepartmentMapper.insert- ==> Parameters: 547798(Integer), 测试部门3(String), BJ(String)
2023/05/06-10:44:06 [http-nio-8080-exec-1] DEBUG com.evan.study_spb2.mapper.DepartmentMapper.insert- <==    Updates: 1
2023/05/06-11:10:46 [SpringContextShutdownHook] INFO  org.springframework.scheduling.concurrent.ThreadPoolTaskExecutor- Shutting down ExecutorService 'applicationTaskExecutor'
2023/05/06-11:10:46 [SpringContextShutdownHook] INFO  com.zaxxer.hikari.HikariDataSource- HikariPool-1 - Shutdown initiated...
2023/05/06-11:10:46 [SpringContextShutdownHook] INFO  com.zaxxer.hikari.HikariDataSource- HikariPool-1 - Shutdown completed.
2023/05/06-11:10:50 [main] INFO  com.evan.study_spb2.StudySpb2Application- Starting StudySpb2Application using Java 1.8.0_362 on EVANZHA-MB0 with PID 38928 (/Users/sanyejiantai/Desktop/study/study_spb2/target/classes started by sanyejiantai in /Users/sanyejiantai/Desktop/study/study_spb2)
2023/05/06-11:10:50 [main] DEBUG com.evan.study_spb2.StudySpb2Application- Running with Spring Boot v2.4.1, Spring v5.3.2
2023/05/06-11:10:50 [main] INFO  com.evan.study_spb2.StudySpb2Application- No active profile set, falling back to default profiles: default
2023/05/06-11:10:50 [main] INFO  org.springframework.boot.web.embedded.tomcat.TomcatWebServer- Tomcat initialized with port(s): 8080 (http)
2023/05/06-11:10:50 [main] INFO  org.apache.catalina.core.StandardService- Starting service [Tomcat]
2023/05/06-11:10:50 [main] INFO  org.apache.catalina.core.StandardEngine- Starting Servlet engine: [Apache Tomcat/9.0.41]
2023/05/06-11:10:50 [main] INFO  org.apache.catalina.core.ContainerBase.[Tomcat].[localhost].[/]- Initializing Spring embedded WebApplicationContext
2023/05/06-11:10:50 [main] INFO  org.springframework.boot.web.servlet.context.ServletWebServerApplicationContext- Root WebApplicationContext: initialization completed in 534 ms
2023/05/06-11:10:50 [main] INFO  com.alibaba.druid.spring.boot.autoconfigure.DruidDataSourceAutoConfigure- Init DruidDataSource
2023/05/06-11:10:51 [main] INFO  com.alibaba.druid.pool.DruidDataSource- {dataSource-1} inited
2023/05/06-11:10:51 [main] INFO  org.springframework.scheduling.concurrent.ThreadPoolTaskExecutor- Initializing ExecutorService 'applicationTaskExecutor'
2023/05/06-11:10:51 [main] INFO  org.springframework.boot.web.embedded.tomcat.TomcatWebServer- Tomcat started on port(s): 8080 (http) with context path ''
2023/05/06-11:10:51 [main] INFO  com.evan.study_spb2.StudySpb2Application- Started StudySpb2Application in 1.727 seconds (JVM running for 1.985)
2023/05/06-11:11:00 [http-nio-8080-exec-1] INFO  org.apache.catalina.core.ContainerBase.[Tomcat].[localhost].[/]- Initializing Spring DispatcherServlet 'dispatcherServlet'
2023/05/06-11:11:00 [http-nio-8080-exec-1] INFO  org.springframework.web.servlet.DispatcherServlet- Initializing Servlet 'dispatcherServlet'
2023/05/06-11:11:00 [http-nio-8080-exec-1] INFO  org.springframework.web.servlet.DispatcherServlet- Completed initialization in 4 ms
2023/05/06-11:11:00 [http-nio-8080-exec-2] WARN  org.springframework.web.servlet.PageNotFound- No mapping for GET /favicon.ico
2023/05/06-11:11:00 [http-nio-8080-exec-2] ERROR com.evan.study_spb2.handler.ControllerExceptionHandler- 捕获到web应用抛出异常
org.springframework.web.servlet.NoHandlerFoundException: No handler found for GET /favicon.ico
	at org.springframework.web.servlet.DispatcherServlet.noHandlerFound(DispatcherServlet.java:1276)
	at org.springframework.web.servlet.DispatcherServlet.doDispatch(DispatcherServlet.java:1039)
	at org.springframework.web.servlet.DispatcherServlet.doService(DispatcherServlet.java:961)
	at org.springframework.web.servlet.FrameworkServlet.processRequest(FrameworkServlet.java:1006)
	at org.springframework.web.servlet.FrameworkServlet.doGet(FrameworkServlet.java:898)
	at javax.servlet.http.HttpServlet.service(HttpServlet.java:626)
	at org.springframework.web.servlet.FrameworkServlet.service(FrameworkServlet.java:883)
	at javax.servlet.http.HttpServlet.service(HttpServlet.java:733)
	at org.apache.catalina.core.ApplicationFilterChain.internalDoFilter(ApplicationFilterChain.java:231)
	at org.apache.catalina.core.ApplicationFilterChain.doFilter(ApplicationFilterChain.java:166)
	at org.apache.tomcat.websocket.server.WsFilter.doFilter(WsFilter.java:53)
	at org.apache.catalina.core.ApplicationFilterChain.internalDoFilter(ApplicationFilterChain.java:193)
	at org.apache.catalina.core.ApplicationFilterChain.doFilter(ApplicationFilterChain.java:166)
	at com.alibaba.druid.support.http.WebStatFilter.doFilter(WebStatFilter.java:84)
	at org.apache.catalina.core.ApplicationFilterChain.internalDoFilter(ApplicationFilterChain.java:193)
	at org.apache.catalina.core.ApplicationFilterChain.doFilter(ApplicationFilterChain.java:166)
	at org.springframework.web.filter.RequestContextFilter.doFilterInternal(RequestContextFilter.java:100)
	at org.springframework.web.filter.OncePerRequestFilter.doFilter(OncePerRequestFilter.java:119)
	at org.apache.catalina.core.ApplicationFilterChain.internalDoFilter(ApplicationFilterChain.java:193)
	at org.apache.catalina.core.ApplicationFilterChain.doFilter(ApplicationFilterChain.java:166)
	at org.springframework.web.filter.FormContentFilter.doFilterInternal(FormContentFilter.java:93)
	at org.springframework.web.filter.OncePerRequestFilter.doFilter(OncePerRequestFilter.java:119)
	at org.apache.catalina.core.ApplicationFilterChain.internalDoFilter(ApplicationFilterChain.java:193)
	at org.apache.catalina.core.ApplicationFilterChain.doFilter(ApplicationFilterChain.java:166)
	at org.springframework.web.filter.CharacterEncodingFilter.doFilterInternal(CharacterEncodingFilter.java:201)
	at org.springframework.web.filter.OncePerRequestFilter.doFilter(OncePerRequestFilter.java:119)
	at org.apache.catalina.core.ApplicationFilterChain.internalDoFilter(ApplicationFilterChain.java:193)
	at org.apache.catalina.core.ApplicationFilterChain.doFilter(ApplicationFilterChain.java:166)
	at org.apache.catalina.core.StandardWrapperValve.invoke(StandardWrapperValve.java:202)
	at org.apache.catalina.core.StandardContextValve.invoke(StandardContextValve.java:97)
	at org.apache.catalina.authenticator.AuthenticatorBase.invoke(AuthenticatorBase.java:542)
	at org.apache.catalina.core.StandardHostValve.invoke(StandardHostValve.java:143)
	at org.apache.catalina.valves.ErrorReportValve.invoke(ErrorReportValve.java:92)
	at org.apache.catalina.core.StandardEngineValve.invoke(StandardEngineValve.java:78)
	at org.apache.catalina.connector.CoyoteAdapter.service(CoyoteAdapter.java:343)
	at org.apache.coyote.http11.Http11Processor.service(Http11Processor.java:374)
	at org.apache.coyote.AbstractProcessorLight.process(AbstractProcessorLight.java:65)
	at org.apache.coyote.AbstractProtocol$ConnectionHandler.process(AbstractProtocol.java:888)
	at org.apache.tomcat.util.net.NioEndpoint$SocketProcessor.doRun(NioEndpoint.java:1597)
	at org.apache.tomcat.util.net.SocketProcessorBase.run(SocketProcessorBase.java:49)
	at java.util.concurrent.ThreadPoolExecutor.runWorker(ThreadPoolExecutor.java:1149)
	at java.util.concurrent.ThreadPoolExecutor$Worker.run(ThreadPoolExecutor.java:624)
	at org.apache.tomcat.util.threads.TaskThread$WrappingRunnable.run(TaskThread.java:61)
	at java.lang.Thread.run(Thread.java:750)
2023/05/06-14:36:40 [SpringContextShutdownHook] INFO  org.springframework.scheduling.concurrent.ThreadPoolTaskExecutor- Shutting down ExecutorService 'applicationTaskExecutor'
2023/05/06-14:36:40 [SpringContextShutdownHook] INFO  com.alibaba.druid.pool.DruidDataSource- {dataSource-1} closing ...
2023/05/06-14:36:40 [SpringContextShutdownHook] INFO  com.alibaba.druid.pool.DruidDataSource- {dataSource-1} closed
